# JRE version: OpenJDK Runtime Environment (8.0_212-b04) (build 1.8.0_212-release-1586-b04)
# Java VM: OpenJDK 64-Bit Server VM (25.212-b04 mixed mode windows-amd64 compressed oops)
Heap:
 PSYoungGen      total 445440K, used 116142K [0x00000000e0000000, 0x00000000fe200000, 0x0000000100000000)
  eden space 417792K, 24% used [0x00000000e0000000,0x00000000e6407de8,0x00000000f9800000)
  from space 27648K, 49% used [0x00000000fc700000,0x00000000fd463a98,0x00000000fe200000)
  to   space 37888K, 0% used [0x00000000f9800000,0x00000000f9800000,0x00000000fbd00000)
 ParOldGen       total 135680K, used 74294K [0x00000000a0000000, 0x00000000a8480000, 0x00000000e0000000)
  object space 135680K, 54% used [0x00000000a0000000,0x00000000a488d8e8,0x00000000a8480000)
 Metaspace       used 91844K, capacity 96270K, committed 96472K, reserved 1132544K
  class space    used 11887K, capacity 12690K, committed 12760K, reserved 1048576K
GC Heap History (10 events):
Event: 781.506 GC heap before
{Heap before GC invocations=30 (full 4):
 PSYoungGen      total 299520K, used 260535K [0x00000000e0000000, 0x00000000f8280000, 0x0000000100000000)
  eden space 254464K, 100% used [0x00000000e0000000,0x00000000ef880000,0x00000000ef880000)
  from space 45056K, 13% used [0x00000000ef880000,0x00000000efe6de78,0x00000000f2480000)
  to   space 44544K, 0% used [0x00000000f5700000,0x00000000f5700000,0x00000000f8280000)
 ParOldGen       total 135680K, used 55734K [0x00000000a0000000, 0x00000000a8480000, 0x00000000e0000000)
  object space 135680K, 41% used [0x00000000a0000000,0x00000000a366d9f8,0x00000000a8480000)
 Metaspace       used 89915K, capacity 93836K, committed 94296K, reserved 1130496K
  class space    used 11733K, capacity 12493K, committed 12632K, reserved 1048576K
Event: 781.543 GC heap after
Heap after GC invocations=30 (full 4):
 PSYoungGen      total 338944K, used 14048K [0x00000000e0000000, 0x00000000f7a80000, 0x0000000100000000)
  eden space 302592K, 0% used [0x00000000e0000000,0x00000000e0000000,0x00000000f2780000)
  from space 36352K, 38% used [0x00000000f5700000,0x00000000f64b80e0,0x00000000f7a80000)
  to   space 42496K, 0% used [0x00000000f2780000,0x00000000f2780000,0x00000000f5100000)
 ParOldGen       total 135680K, used 55734K [0x00000000a0000000, 0x00000000a8480000, 0x00000000e0000000)
  object space 135680K, 41% used [0x00000000a0000000,0x00000000a366d9f8,0x00000000a8480000)
 Metaspace       used 89915K, capacity 93836K, committed 94296K, reserved 1130496K
  class space    used 11733K, capacity 12493K, committed 12632K, reserved 1048576K
}
Event: 786.820 GC heap before
{Heap before GC invocations=31 (full 4):
 PSYoungGen      total 338944K, used 316640K [0x00000000e0000000, 0x00000000f7a80000, 0x0000000100000000)
  eden space 302592K, 100% used [0x00000000e0000000,0x00000000f2780000,0x00000000f2780000)
  from space 36352K, 38% used [0x00000000f5700000,0x00000000f64b80e0,0x00000000f7a80000)
  to   space 42496K, 0% used [0x00000000f2780000,0x00000000f2780000,0x00000000f5100000)
 ParOldGen       total 135680K, used 55734K [0x00000000a0000000, 0x00000000a8480000, 0x00000000e0000000)
  object space 135680K, 41% used [0x00000000a0000000,0x00000000a366d9f8,0x00000000a8480000)
 Metaspace       used 89941K, capacity 93860K, committed 94296K, reserved 1130496K
  class space    used 11736K, capacity 12497K, committed 12632K, reserved 1048576K
Event: 787.207 GC heap after
Heap after GC invocations=31 (full 4):
 PSYoungGen      total 345088K, used 4064K [0x00000000e0000000, 0x00000000fb500000, 0x0000000100000000)
  eden space 302592K, 0% used [0x00000000e0000000,0x00000000e0000000,0x00000000f2780000)
  from space 42496K, 9% used [0x00000000f2780000,0x00000000f2b781b0,0x00000000f5100000)
  to   space 42496K, 0% used [0x00000000f8b80000,0x00000000f8b80000,0x00000000fb500000)
 ParOldGen       total 135680K, used 66892K [0x00000000a0000000, 0x00000000a8480000, 0x00000000e0000000)
  object space 135680K, 49% used [0x00000000a0000000,0x00000000a4153088,0x00000000a8480000)
 Metaspace       used 89941K, capacity 93860K, committed 94296K, reserved 1130496K
  class space    used 11736K, capacity 12497K, committed 12632K, reserved 1048576K
}
Event: 793.980 GC heap before
{Heap before GC invocations=32 (full 4):
 PSYoungGen      total 345088K, used 306656K [0x00000000e0000000, 0x00000000fb500000, 0x0000000100000000)
  eden space 302592K, 100% used [0x00000000e0000000,0x00000000f2780000,0x00000000f2780000)
  from space 42496K, 9% used [0x00000000f2780000,0x00000000f2b781b0,0x00000000f5100000)
  to   space 42496K, 0% used [0x00000000f8b80000,0x00000000f8b80000,0x00000000fb500000)
 ParOldGen       total 135680K, used 66892K [0x00000000a0000000, 0x00000000a8480000, 0x00000000e0000000)
  object space 135680K, 49% used [0x00000000a0000000,0x00000000a4153088,0x00000000a8480000)
 Metaspace       used 89969K, capacity 93860K, committed 94296K, reserved 1130496K
  class space    used 11736K, capacity 12497K, committed 12632K, reserved 1048576K
Event: 794.233 GC heap after
Heap after GC invocations=32 (full 4):
 PSYoungGen      total 400896K, used 3378K [0x00000000e0000000, 0x00000000fb280000, 0x0000000100000000)
  eden space 360960K, 0% used [0x00000000e0000000,0x00000000e0000000,0x00000000f6080000)
  from space 39936K, 8% used [0x00000000f8b80000,0x00000000f8eccb58,0x00000000fb280000)
  to   space 41984K, 0% used [0x00000000f6080000,0x00000000f6080000,0x00000000f8980000)
 ParOldGen       total 135680K, used 68404K [0x00000000a0000000, 0x00000000a8480000, 0x00000000e0000000)
  object space 135680K, 50% used [0x00000000a0000000,0x00000000a42cd2d0,0x00000000a8480000)
 Metaspace       used 89969K, capacity 93860K, committed 94296K, reserved 1130496K
  class space    used 11736K, capacity 12497K, committed 12632K, reserved 1048576K
}
Event: 805.736 GC heap before
{Heap before GC invocations=33 (full 4):
 PSYoungGen      total 400896K, used 364338K [0x00000000e0000000, 0x00000000fb280000, 0x0000000100000000)
  eden space 360960K, 100% used [0x00000000e0000000,0x00000000f6080000,0x00000000f6080000)
  from space 39936K, 8% used [0x00000000f8b80000,0x00000000f8eccb58,0x00000000fb280000)
  to   space 41984K, 0% used [0x00000000f6080000,0x00000000f6080000,0x00000000f8980000)
 ParOldGen       total 135680K, used 68404K [0x00000000a0000000, 0x00000000a8480000, 0x00000000e0000000)
  object space 135680K, 50% used [0x00000000a0000000,0x00000000a42cd2d0,0x00000000a8480000)
 Metaspace       used 89988K, capacity 93924K, committed 94552K, reserved 1130496K
  class space    used 11736K, capacity 12497K, committed 12632K, reserved 1048576K
Event: 805.893 GC heap after
Heap after GC invocations=33 (full 4):
 PSYoungGen      total 402944K, used 6336K [0x00000000e0000000, 0x00000000fee80000, 0x0000000100000000)
  eden space 360960K, 0% used [0x00000000e0000000,0x00000000e0000000,0x00000000f6080000)
  from space 41984K, 15% used [0x00000000f6080000,0x00000000f66b0350,0x00000000f8980000)
  to   space 40448K, 0% used [0x00000000fc700000,0x00000000fc700000,0x00000000fee80000)
 ParOldGen       total 135680K, used 71067K [0x00000000a0000000, 0x00000000a8480000, 0x00000000e0000000)
  object space 135680K, 52% used [0x00000000a0000000,0x00000000a4566fd0,0x00000000a8480000)
 Metaspace       used 89988K, capacity 93924K, committed 94552K, reserved 1130496K
  class space    used 11736K, capacity 12497K, committed 12632K, reserved 1048576K
}
Event: 3789.051 GC heap before
{Heap before GC invocations=34 (full 4):
 PSYoungGen      total 402944K, used 367296K [0x00000000e0000000, 0x00000000fee80000, 0x0000000100000000)
  eden space 360960K, 100% used [0x00000000e0000000,0x00000000f6080000,0x00000000f6080000)
  from space 41984K, 15% used [0x00000000f6080000,0x00000000f66b0350,0x00000000f8980000)
  to   space 40448K, 0% used [0x00000000fc700000,0x00000000fc700000,0x00000000fee80000)
 ParOldGen       total 135680K, used 71067K [0x00000000a0000000, 0x00000000a8480000, 0x00000000e0000000)
  object space 135680K, 52% used [0x00000000a0000000,0x00000000a4566fd0,0x00000000a8480000)
 Metaspace       used 91185K, capacity 95498K, committed 95704K, reserved 1132544K
  class space    used 11830K, capacity 12652K, committed 12760K, reserved 1048576K
Event: 3789.826 GC heap after
Heap after GC invocations=34 (full 4):
 PSYoungGen      total 445440K, used 13710K [0x00000000e0000000, 0x00000000fe200000, 0x0000000100000000)
  eden space 417792K, 0% used [0x00000000e0000000,0x00000000e0000000,0x00000000f9800000)
  from space 27648K, 49% used [0x00000000fc700000,0x00000000fd463a98,0x00000000fe200000)
  to   space 37888K, 0% used [0x00000000f9800000,0x00000000f9800000,0x00000000fbd00000)
 ParOldGen       total 135680K, used 74294K [0x00000000a0000000, 0x00000000a8480000, 0x00000000e0000000)
  object space 135680K, 54% used [0x00000000a0000000,0x00000000a488d8e8,0x00000000a8480000)
 Metaspace       used 91185K, capacity 95498K, committed 95704K, reserved 1132544K
  class space    used 11830K, capacity 12652K, committed 12760K, reserved 1048576K
}

